ToontownStart: Polling for game2 to finish...
ToontownStart: Game2 is finished.
ToontownStart: Starting the game.
ToontownStart: setting default font
TTLocalizer: Running in language: english
from toontown.toonbase.TTLocalizerEnglish import *
OTPLocalizer: Running in language: english
from otp.otpbase.OTPLocalizerEnglish import *
ToontownStart: Loading default gui sounds
ToontownStart: serverVersion:  tti-retro-dev
Preloading avatars...
Done preloading avatars.
{401000001: <toontown.distributed.ToontownDistrict.ToontownDistrict instance at 0x2D3E4490>}
entering active SC menu
local
2
Reading DNA file... phase_4/dna/storage.dna
Reading DNA file... phase_3.5/dna/storage_interior.dna
D:\Usuario\Downloads\tts\TTISource\ToontownInfiniteRetro
Traceback (most recent call last):
  File "<string>", line 4, in <module>
  File "<string>", line 7, in <module>
TypeError: NodePath.set_shader() argument 1 must be Shader, not NoneType

Traceback (most recent call last):
  File "<string>", line 4, in <module>
  File "<string>", line 3, in <module>
  File "D:\Usuario\Downloads\tts\TTISource\Panda3D-1.9.0\direct\filter\FilterManager.py", line 57, in __init__
    self.notify.error('Could not find appropriate DisplayRegion to filter')
  File "D:\Usuario\Downloads\tts\TTISource\Panda3D-1.9.0\direct\directnotify\Notifier.py", line 136, in error
    raise exception(errorString)
StandardError: Could not find appropriate DisplayRegion to filter

ignoring InputState-forward
