ToontownStart: Polling for game2 to finish...
ToontownStart: Game2 is finished.
ToontownStart: Starting the game.
ToontownStart: setting default font
TTLocalizer: Running in language: english
from toontown.toonbase.TTLocalizerEnglish import *
OTPLocalizer: Running in language: english
from otp.otpbase.OTPLocalizerEnglish import *
ToontownStart: Loading default gui sounds
ToontownStart: serverVersion:  tti-retro-dev
Preloading avatars...
Done preloading avatars.
{401000001: <toontown.distributed.ToontownDistrict.ToontownDistrict instance at 0x2F4B9238>}
entering active SC menu
local
1
Reading DNA file... phase_4/dna/storage.dna
Reading DNA file... phase_3.5/dna/storage_interior.dna
Reading DNA file... phase_4/dna/storage_TT.dna
Reading DNA file... phase_4/dna/storage_TT_sz.dna
Reading DNA file... phase_4/dna/toontown_central_sz.dna
fisherman origin:  render/loader_data/toontownCentral/fishing_pond_1/npc_fisherman_origin_0
frame rate: 79.9 fps|0.003d|1 avs||335|341||0x10de|0x11c8|409.9MB|465.7MB|8136.0MB|962|nt.2.6.2|3.601,3.601|4,8 cpus|OpenGL
OnscreenText.configure: mayChange == 0
OnscreenText.configure: mayChange == 0
OnscreenText.configure: mayChange == 0
OnscreenText.configure: mayChange == 0
updating achievements page
frame rate: 58.6 fps|0.011d|1 avs||635|641||0x10de|0x11c8|407.5MB|471.5MB|8136.0MB|977|nt.2.6.2|3.601,3.601|4,8 cpus|OpenGL
OnscreenText.configure: mayChange == 0
OnscreenText.configure: mayChange == 0
OnscreenText.configure: mayChange == 0
OnscreenText.configure: mayChange == 0
updating achievements page
updating achievements page
updating achievements page
frame rate: 26.9 fps|0.029d|13 avs||935|941||0x10de|0x11c8|530.5MB|595.5MB|8136.0MB|1051|nt.2.6.2|3.601,3.601|4,8 cpus|OpenGL
Current position= (-3.000,  0.000,  0.000), H: -180.000, Zone: 61000,, Ver: tti-retro-dev, , District: Retroville
frame rate: 37.8 fps|0.006d|13 avs||1235|1241||0x10de|0x11c8|550.3MB|615.2MB|8136.0MB|1057|nt.2.6.2|3.601,3.601|4,8 cpus|OpenGL
ignoring InputState-forward
