ToontownStart: Polling for game2 to finish...
ToontownStart: Game2 is finished.
ToontownStart: Starting the game.
ToontownStart: setting default font
TTLocalizer: Running in language: english
from toontown.toonbase.TTLocalizerEnglish import *
OTPLocalizer: Running in language: english
from otp.otpbase.OTPLocalizerEnglish import *
ToontownStart: Loading default gui sounds
ToontownStart: serverVersion:  tti-retro-dev
Preloading avatars...
Done preloading avatars.
{401000001: <toontown.distributed.ToontownDistrict.ToontownDistrict instance at 0x2B69B4E0>}
entering active SC menu
local
1
Reading DNA file... phase_4/dna/storage.dna
Reading DNA file... phase_3.5/dna/storage_interior.dna
Traceback (most recent call last):
  File "D:\Usuario\Downloads\tts\TTISource\Panda3D-1.9.0\direct\distributed\ConnectionRepository.py", line 613, in readerPollUntilEmpty
    while self.readerPollOnce():
  File "D:\Usuario\Downloads\tts\TTISource\Panda3D-1.9.0\direct\distributed\ConnectionRepository.py", line 620, in readerPollOnce
    self.handleDatagram(self.private__di)
  File "otp\distributed\OTPClientRepository.py", line 1873, in handleDatagram
    self.handler(msgType, di)
  File "otp\distributed\OTPClientRepository.py", line 1482, in handlePlayGame
    self.handleGenerateWithRequiredOther(di)
  File "otp\distributed\OTPClientRepository.py", line 1991, in handleGenerateWithRequiredOther
    self.doGenerate(parentId, zoneId, classId, doId, di)
  File "D:\Usuario\Downloads\tts\TTISource\Panda3D-1.9.0\direct\distributed\ClientRepositoryBase.py", line 162, in doGenerate
    distObj = self.generateWithRequiredOtherFields(dclass, doId, di, parentId, zoneId)
  File "D:\Usuario\Downloads\tts\TTISource\Panda3D-1.9.0\direct\distributed\ClientRepositoryBase.py", line 302, in generateWithRequiredOtherFields
    distObj = classDef(self)
  File "toontown\suit\DistributedLawbotBoss.py", line 61, in __init__
    self.stunnedCogsPanel = DirectFrame(frameColor=(0,0,0,1),frameSize=(0.1,1,0.5),pos=(1,1,0))
  File "D:\Usuario\Downloads\tts\TTISource\Panda3D-1.9.0\direct\gui\DirectFrame.py", line 48, in __init__
    self.initialiseoptions(DirectFrame)
  File "D:\Usuario\Downloads\tts\TTISource\Panda3D-1.9.0\direct\gui\DirectGuiBase.py", line 242, in initialiseoptions
    func()
  File "D:\Usuario\Downloads\tts\TTISource\Panda3D-1.9.0\direct\gui\DirectGuiBase.py", line 928, in setFrameSize
    self.bounds[3] + bw[1])
IndexError: tuple index out of range
Traceback (most recent call last):
  File "otp\otpbase\OTPBase.py", line 239, in run
    taskMgr.run()
  File "D:\Usuario\Downloads\tts\TTISource\Panda3D-1.9.0\direct\task\Task.py", line 502, in run
    self.step()
  File "D:\Usuario\Downloads\tts\TTISource\Panda3D-1.9.0\direct\task\Task.py", line 460, in step
    self.mgr.poll()
  File "D:\Usuario\Downloads\tts\TTISource\Panda3D-1.9.0\direct\distributed\ConnectionRepository.py", line 613, in readerPollUntilEmpty
    while self.readerPollOnce():
  File "D:\Usuario\Downloads\tts\TTISource\Panda3D-1.9.0\direct\distributed\ConnectionRepository.py", line 620, in readerPollOnce
    self.handleDatagram(self.private__di)
  File "otp\distributed\OTPClientRepository.py", line 1873, in handleDatagram
    self.handler(msgType, di)
  File "otp\distributed\OTPClientRepository.py", line 1482, in handlePlayGame
    self.handleGenerateWithRequiredOther(di)
  File "otp\distributed\OTPClientRepository.py", line 1991, in handleGenerateWithRequiredOther
    self.doGenerate(parentId, zoneId, classId, doId, di)
  File "D:\Usuario\Downloads\tts\TTISource\Panda3D-1.9.0\direct\distributed\ClientRepositoryBase.py", line 162, in doGenerate
    distObj = self.generateWithRequiredOtherFields(dclass, doId, di, parentId, zoneId)
  File "D:\Usuario\Downloads\tts\TTISource\Panda3D-1.9.0\direct\distributed\ClientRepositoryBase.py", line 302, in generateWithRequiredOtherFields
    distObj = classDef(self)
  File "toontown\suit\DistributedLawbotBoss.py", line 61, in __init__
    self.stunnedCogsPanel = DirectFrame(frameColor=(0,0,0,1),frameSize=(0.1,1,0.5),pos=(1,1,0))
  File "D:\Usuario\Downloads\tts\TTISource\Panda3D-1.9.0\direct\gui\DirectFrame.py", line 48, in __init__
    self.initialiseoptions(DirectFrame)
  File "D:\Usuario\Downloads\tts\TTISource\Panda3D-1.9.0\direct\gui\DirectGuiBase.py", line 242, in initialiseoptions
    func()
  File "D:\Usuario\Downloads\tts\TTISource\Panda3D-1.9.0\direct\gui\DirectGuiBase.py", line 928, in setFrameSize
    self.bounds[3] + bw[1])
IndexError: tuple index out of range
