ToontownStart: Polling for game2 to finish...
ToontownStart: Game2 is finished.
ToontownStart: Starting the game.
ToontownStart: setting default font
TTLocalizer: Running in language: english
from toontown.toonbase.TTLocalizerEnglish import *
OTPLocalizer: Running in language: english
from otp.otpbase.OTPLocalizerEnglish import *
ToontownStart: Loading default gui sounds
ToontownStart: serverVersion:  tti-retro-dev
Preloading avatars...
Done preloading avatars.
Traceback (most recent call last):
  File "D:\Panda3D-1.10.0\python\lib\runpy.py", line 162, in _run_module_as_main
    "__main__", fname, loader, pkg_name)
  File "D:\Panda3D-1.10.0\python\lib\runpy.py", line 72, in _run_code
    exec code in run_globals
  File "D:\Usuario\Downloads\tts\TTISource\ToontownInfiniteRetro\toontown\toonbase\ToontownStart.py", line 130, in <module>
    cr = ToontownClientRepository.ToontownClientRepository(serverVersion, launcher)
  File "toontown\distributed\ToontownClientRepository.py", line 68, in __init__
    OTPClientRepository.OTPClientRepository.__init__(self, serverVersion, launcher, playGame=PlayGame.PlayGame)
  File "otp\distributed\OTPClientRepository.py", line 52, in __init__
    ClientRepositoryBase.__init__(self)
  File "D:\Panda3D-1.10.0\direct\distributed\ClientRepositoryBase.py", line 49, in __init__
    self.readDCFile(dcFileNames)
  File "D:\Panda3D-1.10.0\direct\distributed\ConnectionRepository.py", line 311, in readDCFile
    self.importModule(dcImports, moduleName, importSymbols)
  File "D:\Panda3D-1.10.0\direct\distributed\ConnectionRepository.py", line 408, in importModule
    module = __import__(moduleName, globals(), locals(), importSymbols)
  File "toontown\minigame\DistributedTravelGame.py", line 15, in <module>
    import VoteResultsTrolleyPanel
  File "toontown\minigame\VoteResultsTrolleyPanel.py", line 8, in <module>
    from direct.showbase.PythonUtil import pdir
ImportError: cannot import name pdir
