ToontownStart: Polling for game2 to finish...
ToontownStart: Game2 is finished.
ToontownStart: Starting the game.
ToontownStart: setting default font
TTLocalizer: Running in language: english
from toontown.toonbase.TTLocalizerEnglish import *
OTPLocalizer: Running in language: english
from otp.otpbase.OTPLocalizerEnglish import *
ToontownStart: Loading default gui sounds
ToontownStart: serverVersion:  tti-retro-dev
Preloading avatars...
Done preloading avatars.
Traceback (most recent call last):
  File "D:\Panda3D-1.10.0\python\lib\runpy.py", line 162, in _run_module_as_main
    "__main__", fname, loader, pkg_name)
  File "D:\Panda3D-1.10.0\python\lib\runpy.py", line 72, in _run_code
    exec code in run_globals
  File "D:\Usuario\Downloads\tts\TTISource\ToontownInfiniteRetro\toontown\toonbase\ToontownStart.py", line 130, in <module>
    cr = ToontownClientRepository.ToontownClientRepository(serverVersion, launcher)
  File "toontown\distributed\ToontownClientRepository.py", line 96, in __init__
    self.toontownTimeManager = ToontownTimeManager.ToontownTimeManager()
  File "toontown\parties\ToontownTimeManager.py", line 16, in __init__
    self.serverTimeZone = ToontownTimeZone()
  File "toontown\parties\ToontownTimeZone.py", line 33, in __init__
    self.stdName, self.dstName, self.stdOffset = timeZoneInfo.split('/')
ValueError: need more than 2 values to unpack
